[debug] [2023-08-07T15:13:46.377Z] ----------------------------------------------------------------------
[debug] [2023-08-07T15:13:46.378Z] Command:       /Users/divyambillowria/.nvm/versions/node/v18.17.0/bin/node /Users/divyambillowria/.nvm/versions/node/v18.17.0/bin/firebase init
[debug] [2023-08-07T15:13:46.378Z] CLI Version:   12.4.7
[debug] [2023-08-07T15:13:46.379Z] Platform:      darwin
[debug] [2023-08-07T15:13:46.379Z] Node Version:  v18.17.0
[debug] [2023-08-07T15:13:46.380Z] Time:          Mon Aug 07 2023 20:43:46 GMT+0530 (India Standard Time)
[debug] [2023-08-07T15:13:46.380Z] ----------------------------------------------------------------------
[debug] 
[debug] [2023-08-07T15:13:46.413Z] > command requires scopes: ["email","openid","https://www.googleapis.com/auth/cloudplatformprojects.readonly","https://www.googleapis.com/auth/firebase","https://www.googleapis.com/auth/cloud-platform"]
[debug] [2023-08-07T15:13:46.413Z] > authorizing via signed-in user (divbillowria@gmail.com)
[info] 
     ######## #### ########  ######## ########     ###     ######  ########
     ##        ##  ##     ## ##       ##     ##  ##   ##  ##       ##
     ######    ##  ########  ######   ########  #########  ######  ######
     ##        ##  ##    ##  ##       ##     ## ##     ##       ## ##
     ##       #### ##     ## ######## ########  ##     ##  ######  ########

You're about to initialize a Firebase project in this directory:

  /Users/divyambillowria/coding/firebase-tut/tut-app

Before we get started, keep in mind:

  * You are initializing within an existing Firebase project directory

[info] 
=== Project Setup
[info] 
[info] First, let's associate this project directory with a Firebase project.
[info] You can create multiple project aliases by running firebase use --add, 
[info] but for now we'll just set up a default project.
[info] 
[debug] [2023-08-07T15:13:57.839Z] Using project from CLI flag: fir-tut-a8362
[debug] [2023-08-07T15:13:57.842Z] >>> [apiv2][query] GET https://firebase.googleapis.com/v1beta1/projects/fir-tut-a8362 [none]
[debug] [2023-08-07T15:13:58.471Z] <<< [apiv2][status] GET https://firebase.googleapis.com/v1beta1/projects/fir-tut-a8362 200
[debug] [2023-08-07T15:13:58.472Z] <<< [apiv2][body] GET https://firebase.googleapis.com/v1beta1/projects/fir-tut-a8362 {"projectId":"fir-tut-a8362","projectNumber":"511794461941","displayName":"firebase-tut","name":"projects/fir-tut-a8362","resources":{"hostingSite":"fir-tut-a8362","storageBucket":"fir-tut-a8362.appspot.com","locationId":"asia-south1"},"state":"ACTIVE","etag":"1_67f6bc5d-b3bd-4cc2-b9e8-940f0e2fb154"}
[info] i  Using project fir-tut-a8362 (firebase-tut) 
[info] 
=== Hosting Setup
[info] 
[info] Your public directory is the folder (relative to your project directory) that
[info] will contain Hosting assets to be uploaded with firebase deploy. If you
[info] have a build process for your assets, use your build's output directory.
[info] 
[info] i  Skipping write of public/404.html 
[debug] [2023-08-07T15:14:13.840Z] >>> [apiv2][query] GET https://www.gstatic.com/firebasejs/releases.json [none]
[debug] [2023-08-07T15:14:14.006Z] <<< [apiv2][status] GET https://www.gstatic.com/firebasejs/releases.json 200
[debug] [2023-08-07T15:14:14.007Z] <<< [apiv2][body] GET https://www.gstatic.com/firebasejs/releases.json {"current":{"version":"10.1.0","browserURL":"https://www.gstatic.com/firebasejs/10.1.0/firebase.js","packageURL":"https://www.gstatic.com/firebasejs/10.1.0/firebase.tgz"},"live":{"version":"10.1","browserURL":"https://www.gstatic.com/firebasejs/live/10.1/firebase.js","packageURL":"https://www.gstatic.com/firebasejs/live/10.1/firebase.tgz"},"components":{"analytics":"https://www.gstatic.com/firebasejs/10.1.0/firebase-analytics.js","app":"https://www.gstatic.com/firebasejs/10.1.0/firebase-app.js","app-check":"https://www.gstatic.com/firebasejs/10.1.0/firebase-app-check.js","auth":"https://www.gstatic.com/firebasejs/10.1.0/firebase-auth.js","auth/cordova":"https://www.gstatic.com/firebasejs/10.1.0/firebase-auth/cordova.js","functions":"https://www.gstatic.com/firebasejs/10.1.0/firebase-functions.js","firestore":"https://www.gstatic.com/firebasejs/10.1.0/firebase-firestore.js","firestore/lite":"https://www.gstatic.com/firebasejs/10.1.0/firebase-firestore/lite.js","installations":"https://www.gstatic.com/firebasejs/10.1.0/firebase-installations.js","storage":"https://www.gstatic.com/firebasejs/10.1.0/firebase-storage.js","performance":"https://www.gstatic.com/firebasejs/10.1.0/firebase-performance.js","remote-config":"https://www.gstatic.com/firebasejs/10.1.0/firebase-remote-config.js","messaging":"https://www.gstatic.com/firebasejs/10.1.0/firebase-messaging.js","messaging/sw":"https://www.gstatic.com/firebasejs/10.1.0/firebase-messaging/sw.js","database":"https://www.gstatic.com/firebasejs/10.1.0/firebase-database.js","firestore.memory":"https://www.gstatic.com/firebasejs/10.1.0/firebase-firestore.memory.js"}}
[info] i  Skipping write of public/index.html 
[info] 
[info] i  Detected a .git folder at /Users/divyambillowria/coding/firebase-tut/tut-app 
[info] i  Authorizing with GitHub to upload your service account to a GitHub repository's secrets store. 
[info] 
[info] Visit this URL on this device to log in:
[info] https://github.com/login/oauth/authorize?client_id=89cf50f02ac6aaed3484&state=417201653&redirect_uri=http%3A%2F%2Flocalhost%3A9005&scope=read%3Auser%20repo%20public_repo
[info] 
[info] Waiting for authentication...
[debug] [2023-08-07T15:14:53.516Z] >>> [apiv2][query] POST https://github.com/login/oauth/access_token [none]
[debug] [2023-08-07T15:14:53.516Z] >>> [apiv2][body] POST https://github.com/login/oauth/access_token [stream]
[debug] [2023-08-07T15:14:54.076Z] <<< [apiv2][status] POST https://github.com/login/oauth/access_token 200
[debug] [2023-08-07T15:14:54.076Z] <<< [apiv2][body] POST https://github.com/login/oauth/access_token {"access_token":"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","token_type":"bearer","scope":"read:user,repo"}
[debug] [2023-08-07T15:14:54.093Z] >>> [apiv2][query] GET https://api.github.com/user [none]
[debug] [2023-08-07T15:14:54.680Z] <<< [apiv2][status] GET https://api.github.com/user 200
[debug] [2023-08-07T15:14:54.680Z] <<< [apiv2][body] GET https://api.github.com/user {"login":"Mayvid0","id":108675995,"node_id":"U_kgDOBnpDmw","avatar_url":"https://avatars.githubusercontent.com/u/108675995?v=4","gravatar_id":"","url":"https://api.github.com/users/Mayvid0","html_url":"https://github.com/Mayvid0","followers_url":"https://api.github.com/users/Mayvid0/followers","following_url":"https://api.github.com/users/Mayvid0/following{/other_user}","gists_url":"https://api.github.com/users/Mayvid0/gists{/gist_id}","starred_url":"https://api.github.com/users/Mayvid0/starred{/owner}{/repo}","subscriptions_url":"https://api.github.com/users/Mayvid0/subscriptions","organizations_url":"https://api.github.com/users/Mayvid0/orgs","repos_url":"https://api.github.com/users/Mayvid0/repos","events_url":"https://api.github.com/users/Mayvid0/events{/privacy}","received_events_url":"https://api.github.com/users/Mayvid0/received_events","type":"User","site_admin":false,"name":"Divyam Billowria","company":null,"blog":"","location":null,"email":null,"hireable":null,"bio":null,"twitter_username":null,"public_repos":9,"public_gists":0,"followers":4,"following":8,"created_at":"2022-07-04T12:56:22Z","updated_at":"2023-07-22T15:19:29Z","private_gists":0,"total_private_repos":4,"owned_private_repos":4,"disk_usage":4085,"collaborators":0,"two_factor_authentication":false,"plan":{"name":"free","space":976562499,"collaborators":0,"private_repos":10000}}
[info] 
[info] ✔  Success! Logged into GitHub as Mayvid0 
[info] 
